{"D:\\Projects\\my-brand-paterne-backend\\src\\app.ts": {"path":"D:\\Projects\\my-brand-paterne-backend\\src\\app.ts","statementMap":{"0":{"start":{"line":1,"column":0},"end":{"line":1,"column":62}},"1":{"start":{"line":2,"column":0},"end":{"line":2,"column":28}},"2":{"start":{"line":4,"column":21},"end":{"line":4,"column":30}},"3":{"start":{"line":7,"column":0},"end":{"line":7,"column":47}},"4":{"start":{"line":8,"column":0},"end":{"line":8,"column":52}},"5":{"start":{"line":9,"column":0},"end":{"line":9,"column":53}},"6":{"start":{"line":10,"column":0},"end":{"line":10,"column":47}},"7":{"start":{"line":11,"column":0},"end":{"line":11,"column":53}},"8":{"start":{"line":12,"column":0},"end":{"line":12,"column":54}},"9":{"start":{"line":13,"column":0},"end":{"line":13,"column":37}},"10":{"start":{"line":14,"column":0},"end":{"line":14,"column":39}},"11":{"start":{"line":15,"column":0},"end":{"line":15,"column":48}},"12":{"start":{"line":16,"column":0},"end":{"line":16,"column":28}},"13":{"start":{"line":18,"column":0},"end":{"line":18,"column":24}},"14":{"start":{"line":19,"column":0},"end":{"line":19,"column":52}},"15":{"start":{"line":21,"column":0},"end":{"line":21,"column":28}},"16":{"start":{"line":23,"column":0},"end":{"line":23,"column":16}},"17":{"start":{"line":25,"column":0},"end":{"line":27,"column":3}},"18":{"start":{"line":26,"column":2},"end":{"line":26,"column":49}},"19":{"start":{"line":29,"column":0},"end":{"line":29,"column":38}},"20":{"start":{"line":30,"column":0},"end":{"line":30,"column":44}},"21":{"start":{"line":31,"column":0},"end":{"line":31,"column":44}},"22":{"start":{"line":32,"column":0},"end":{"line":32,"column":38}},"23":{"start":{"line":33,"column":0},"end":{"line":33,"column":44}},"24":{"start":{"line":34,"column":0},"end":{"line":38,"column":3}},"25":{"start":{"line":35,"column":2},"end":{"line":37,"column":59}},"26":{"start":{"line":40,"column":0},"end":{"line":40,"column":22}},"27":{"start":{"line":43,"column":2},"end":{"line":50,"column":3}},"28":{"start":{"line":44,"column":4},"end":{"line":44,"column":36}},"29":{"start":{"line":45,"column":19},"end":{"line":45,"column":41}},"30":{"start":{"line":46,"column":4},"end":{"line":46,"column":28}},"31":{"start":{"line":47,"column":4},"end":{"line":47,"column":29}},"32":{"start":{"line":49,"column":4},"end":{"line":49,"column":21}},"33":{"start":{"line":53,"column":0},"end":{"line":53,"column":9}},"34":{"start":{"line":55,"column":0},"end":{"line":55,"column":null}}},"fnMap":{"0":{"name":"(anonymous_8)","decl":{"start":{"line":25,"column":13},"end":{"line":25,"column":14}},"loc":{"start":{"line":25,"column":45},"end":{"line":27,"column":1}}},"1":{"name":"(anonymous_9)","decl":{"start":{"line":34,"column":13},"end":{"line":34,"column":14}},"loc":{"start":{"line":34,"column":45},"end":{"line":38,"column":1}}},"2":{"name":"initDB","decl":{"start":{"line":42,"column":15},"end":{"line":42,"column":21}},"loc":{"start":{"line":42,"column":21},"end":{"line":51,"column":null}}}},"branchMap":{},"s":{"0":5,"1":5,"2":5,"3":5,"4":5,"5":5,"6":5,"7":5,"8":5,"9":5,"10":5,"11":5,"12":5,"13":5,"14":5,"15":5,"16":5,"17":5,"18":0,"19":5,"20":5,"21":5,"22":5,"23":5,"24":5,"25":0,"26":5,"27":5,"28":5,"29":5,"30":5,"31":5,"32":0,"33":5,"34":5},"f":{"0":0,"1":0,"2":5},"b":{}}
,"D:\\Projects\\my-brand-paterne-backend\\src\\controllers\\ArticleController.ts": {"path":"D:\\Projects\\my-brand-paterne-backend\\src\\controllers\\ArticleController.ts","statementMap":{"0":{"start":{"line":2,"column":0},"end":{"line":2,"column":null}},"1":{"start":{"line":6,"column":0},"end":{"line":6,"column":48}},"2":{"start":{"line":7,"column":0},"end":{"line":7,"column":48}},"3":{"start":{"line":8,"column":0},"end":{"line":8,"column":50}},"4":{"start":{"line":9,"column":0},"end":{"line":9,"column":29}},"5":{"start":{"line":10,"column":0},"end":{"line":10,"column":50}},"6":{"start":{"line":14,"column":4},"end":{"line":21,"column":5}},"7":{"start":{"line":15,"column":20},"end":{"line":17,"column":null}},"8":{"start":{"line":20,"column":6},"end":{"line":20,"column":57}},"9":{"start":{"line":23,"column":21},"end":{"line":23,"column":39}},"10":{"start":{"line":25,"column":20},"end":{"line":27,"column":null}},"11":{"start":{"line":30,"column":4},"end":{"line":30,"column":25}},"12":{"start":{"line":32,"column":4},"end":{"line":43,"column":7}},"13":{"start":{"line":47,"column":21},"end":{"line":48,"column":null}},"14":{"start":{"line":50,"column":4},"end":{"line":53,"column":7}},"15":{"start":{"line":57,"column":22},"end":{"line":57,"column":35}},"16":{"start":{"line":59,"column":4},"end":{"line":63,"column":8}},"17":{"start":{"line":60,"column":6},"end":{"line":63,"column":8}},"18":{"start":{"line":65,"column":20},"end":{"line":66,"column":null}},"19":{"start":{"line":69,"column":4},"end":{"line":73,"column":8}},"20":{"start":{"line":70,"column":6},"end":{"line":73,"column":8}},"21":{"start":{"line":75,"column":4},"end":{"line":78,"column":7}},"22":{"start":{"line":82,"column":22},"end":{"line":82,"column":35}},"23":{"start":{"line":84,"column":4},"end":{"line":88,"column":8}},"24":{"start":{"line":85,"column":6},"end":{"line":88,"column":8}},"25":{"start":{"line":90,"column":20},"end":{"line":90,"column":67}},"26":{"start":{"line":91,"column":4},"end":{"line":91,"column":49}},"27":{"start":{"line":93,"column":4},"end":{"line":93,"column":60}},"28":{"start":{"line":95,"column":4},"end":{"line":99,"column":8}},"29":{"start":{"line":96,"column":6},"end":{"line":99,"column":8}},"30":{"start":{"line":101,"column":4},"end":{"line":104,"column":7}},"31":{"start":{"line":108,"column":22},"end":{"line":108,"column":35}},"32":{"start":{"line":110,"column":4},"end":{"line":114,"column":8}},"33":{"start":{"line":111,"column":6},"end":{"line":114,"column":8}},"34":{"start":{"line":116,"column":18},"end":{"line":116,"column":67}},"35":{"start":{"line":118,"column":20},"end":{"line":118,"column":58}},"36":{"start":{"line":120,"column":4},"end":{"line":124,"column":8}},"37":{"start":{"line":121,"column":6},"end":{"line":124,"column":8}},"38":{"start":{"line":126,"column":4},"end":{"line":135,"column":5}},"39":{"start":{"line":127,"column":6},"end":{"line":127,"column":62}},"40":{"start":{"line":129,"column":6},"end":{"line":132,"column":9}},"41":{"start":{"line":134,"column":6},"end":{"line":134,"column":48}},"42":{"start":{"line":137,"column":4},"end":{"line":137,"column":26}},"43":{"start":{"line":139,"column":4},"end":{"line":150,"column":7}},"44":{"start":{"line":154,"column":0},"end":{"line":154,"column":39}}},"fnMap":{"0":{"name":"(anonymous_8)","decl":{"start":{"line":13,"column":15},"end":{"line":13,"column":28}},"loc":{"start":{"line":13,"column":76},"end":{"line":44,"column":null}}},"1":{"name":"(anonymous_10)","decl":{"start":{"line":46,"column":15},"end":{"line":46,"column":26}},"loc":{"start":{"line":46,"column":74},"end":{"line":54,"column":null}}},"2":{"name":"(anonymous_12)","decl":{"start":{"line":56,"column":15},"end":{"line":56,"column":25}},"loc":{"start":{"line":56,"column":73},"end":{"line":79,"column":null}}},"3":{"name":"(anonymous_14)","decl":{"start":{"line":81,"column":15},"end":{"line":81,"column":28}},"loc":{"start":{"line":81,"column":76},"end":{"line":105,"column":null}}},"4":{"name":"(anonymous_16)","decl":{"start":{"line":107,"column":15},"end":{"line":107,"column":28}},"loc":{"start":{"line":107,"column":76},"end":{"line":151,"column":null}}}},"branchMap":{"0":{"loc":{"start":{"line":20,"column":37},"end":{"line":20,"column":55}},"type":"cond-expr","locations":[{"start":{"line":20,"column":45},"end":{"line":20,"column":47}},{"start":{"line":20,"column":45},"end":{"line":20,"column":55}}]},"1":{"loc":{"start":{"line":20,"column":37},"end":{"line":20,"column":47}},"type":"binary-expr","locations":[{"start":{"line":20,"column":37},"end":{"line":20,"column":47}},{"start":{"line":20,"column":45},"end":{"line":20,"column":47}}]},"2":{"loc":{"start":{"line":23,"column":21},"end":{"line":23,"column":39}},"type":"cond-expr","locations":[{"start":{"line":23,"column":29},"end":{"line":23,"column":31}},{"start":{"line":23,"column":29},"end":{"line":23,"column":39}}]},"3":{"loc":{"start":{"line":23,"column":21},"end":{"line":23,"column":31}},"type":"binary-expr","locations":[{"start":{"line":23,"column":21},"end":{"line":23,"column":31}},{"start":{"line":23,"column":29},"end":{"line":23,"column":31}}]},"4":{"loc":{"start":{"line":27,"column":22},"end":{"line":27,"column":40}},"type":"cond-expr","locations":[{"start":{"line":27,"column":30},"end":{"line":27,"column":32}},{"start":{"line":27,"column":30},"end":{"line":27,"column":40}}]},"5":{"loc":{"start":{"line":27,"column":22},"end":{"line":27,"column":32}},"type":"binary-expr","locations":[{"start":{"line":27,"column":22},"end":{"line":27,"column":32}},{"start":{"line":27,"column":30},"end":{"line":27,"column":32}}]},"6":{"loc":{"start":{"line":59,"column":4},"end":{"line":63,"column":8}},"type":"if","locations":[{"start":{"line":59,"column":4},"end":{"line":63,"column":8}}]},"7":{"loc":{"start":{"line":69,"column":4},"end":{"line":73,"column":8}},"type":"if","locations":[{"start":{"line":69,"column":4},"end":{"line":73,"column":8}}]},"8":{"loc":{"start":{"line":84,"column":4},"end":{"line":88,"column":8}},"type":"if","locations":[{"start":{"line":84,"column":4},"end":{"line":88,"column":8}}]},"9":{"loc":{"start":{"line":93,"column":35},"end":{"line":93,"column":58}},"type":"cond-expr","locations":[{"start":{"line":93,"column":42},"end":{"line":93,"column":44}},{"start":{"line":93,"column":35},"end":{"line":93,"column":58}}]},"10":{"loc":{"start":{"line":93,"column":35},"end":{"line":93,"column":44}},"type":"binary-expr","locations":[{"start":{"line":93,"column":35},"end":{"line":93,"column":44}},{"start":{"line":93,"column":35},"end":{"line":93,"column":44}}]},"11":{"loc":{"start":{"line":95,"column":4},"end":{"line":99,"column":8}},"type":"if","locations":[{"start":{"line":95,"column":4},"end":{"line":99,"column":8}}]},"12":{"loc":{"start":{"line":110,"column":4},"end":{"line":114,"column":8}},"type":"if","locations":[{"start":{"line":110,"column":4},"end":{"line":114,"column":8}}]},"13":{"loc":{"start":{"line":120,"column":4},"end":{"line":124,"column":8}},"type":"if","locations":[{"start":{"line":120,"column":4},"end":{"line":124,"column":8}}]},"14":{"loc":{"start":{"line":126,"column":4},"end":{"line":135,"column":5}},"type":"if","locations":[{"start":{"line":126,"column":4},"end":{"line":135,"column":5}},{"start":{"line":133,"column":11},"end":{"line":135,"column":5}}]},"15":{"loc":{"start":{"line":127,"column":37},"end":{"line":127,"column":60}},"type":"cond-expr","locations":[{"start":{"line":127,"column":44},"end":{"line":127,"column":46}},{"start":{"line":127,"column":37},"end":{"line":127,"column":60}}]},"16":{"loc":{"start":{"line":127,"column":37},"end":{"line":127,"column":46}},"type":"binary-expr","locations":[{"start":{"line":127,"column":37},"end":{"line":127,"column":46}},{"start":{"line":127,"column":37},"end":{"line":127,"column":46}}]},"17":{"loc":{"start":{"line":129,"column":12},"end":{"line":131,"column":null}},"type":"cond-expr","locations":[{"start":{"line":129,"column":19},"end":{"line":129,"column":21}},{"start":{"line":129,"column":12},"end":{"line":131,"column":null}}]},"18":{"loc":{"start":{"line":129,"column":12},"end":{"line":129,"column":21}},"type":"binary-expr","locations":[{"start":{"line":129,"column":12},"end":{"line":129,"column":21}},{"start":{"line":129,"column":12},"end":{"line":129,"column":21}}]},"19":{"loc":{"start":{"line":134,"column":12},"end":{"line":134,"column":47}},"type":"cond-expr","locations":[{"start":{"line":134,"column":19},"end":{"line":134,"column":21}},{"start":{"line":134,"column":12},"end":{"line":134,"column":47}}]},"20":{"loc":{"start":{"line":134,"column":12},"end":{"line":134,"column":21}},"type":"binary-expr","locations":[{"start":{"line":134,"column":12},"end":{"line":134,"column":21}},{"start":{"line":134,"column":12},"end":{"line":134,"column":21}}]},"21":{"loc":{"start":{"line":137,"column":10},"end":{"line":137,"column":25}},"type":"cond-expr","locations":[{"start":{"line":137,"column":17},"end":{"line":137,"column":19}},{"start":{"line":137,"column":10},"end":{"line":137,"column":25}}]},"22":{"loc":{"start":{"line":137,"column":10},"end":{"line":137,"column":19}},"type":"binary-expr","locations":[{"start":{"line":137,"column":10},"end":{"line":137,"column":19}},{"start":{"line":137,"column":10},"end":{"line":137,"column":19}}]}},"s":{"0":5,"1":5,"2":5,"3":5,"4":5,"5":5,"6":3,"7":3,"8":1,"9":3,"10":3,"11":2,"12":2,"13":1,"14":1,"15":4,"16":4,"17":0,"18":4,"19":3,"20":2,"21":1,"22":2,"23":2,"24":0,"25":2,"26":2,"27":2,"28":2,"29":0,"30":2,"31":1,"32":1,"33":0,"34":1,"35":1,"36":1,"37":0,"38":1,"39":1,"40":1,"41":0,"42":1,"43":1,"44":5},"f":{"0":3,"1":1,"2":4,"3":2,"4":1},"b":{"0":[0,1],"1":[1,1],"2":[0,3],"3":[3,3],"4":[0,3],"5":[3,3],"6":[0],"7":[2],"8":[0],"9":[0,2],"10":[2,2],"11":[0],"12":[0],"13":[0],"14":[1,0],"15":[0,1],"16":[1,1],"17":[0,1],"18":[1,1],"19":[0,0],"20":[0,0],"21":[0,1],"22":[1,1]}}
,"D:\\Projects\\my-brand-paterne-backend\\src\\controllers\\CommentController.ts": {"path":"D:\\Projects\\my-brand-paterne-backend\\src\\controllers\\CommentController.ts","statementMap":{"0":{"start":{"line":2,"column":0},"end":{"line":2,"column":66}},"1":{"start":{"line":3,"column":0},"end":{"line":3,"column":50}},"2":{"start":{"line":4,"column":0},"end":{"line":4,"column":48}},"3":{"start":{"line":5,"column":0},"end":{"line":5,"column":48}},"4":{"start":{"line":6,"column":0},"end":{"line":6,"column":50}},"5":{"start":{"line":10,"column":24},"end":{"line":10,"column":73}},"6":{"start":{"line":12,"column":20},"end":{"line":12,"column":70}},"7":{"start":{"line":14,"column":4},"end":{"line":20,"column":8}},"8":{"start":{"line":15,"column":6},"end":{"line":20,"column":8}},"9":{"start":{"line":22,"column":20},"end":{"line":22,"column":65}},"10":{"start":{"line":23,"column":4},"end":{"line":23,"column":19}},"11":{"start":{"line":25,"column":4},"end":{"line":35,"column":7}},"12":{"start":{"line":39,"column":22},"end":{"line":39,"column":42}},"13":{"start":{"line":41,"column":4},"end":{"line":42,"column":79}},"14":{"start":{"line":42,"column":6},"end":{"line":42,"column":79}},"15":{"start":{"line":44,"column":21},"end":{"line":44,"column":59}},"16":{"start":{"line":46,"column":4},"end":{"line":49,"column":7}},"17":{"start":{"line":53,"column":22},"end":{"line":53,"column":42}},"18":{"start":{"line":55,"column":4},"end":{"line":56,"column":79}},"19":{"start":{"line":56,"column":6},"end":{"line":56,"column":79}},"20":{"start":{"line":58,"column":20},"end":{"line":58,"column":58}},"21":{"start":{"line":60,"column":4},"end":{"line":64,"column":8}},"22":{"start":{"line":61,"column":6},"end":{"line":64,"column":8}},"23":{"start":{"line":66,"column":4},"end":{"line":66,"column":24}},"24":{"start":{"line":68,"column":4},"end":{"line":71,"column":7}},"25":{"start":{"line":75,"column":0},"end":{"line":75,"column":39}}},"fnMap":{"0":{"name":"(anonymous_8)","decl":{"start":{"line":9,"column":15},"end":{"line":9,"column":28}},"loc":{"start":{"line":9,"column":76},"end":{"line":36,"column":null}}},"1":{"name":"(anonymous_10)","decl":{"start":{"line":38,"column":15},"end":{"line":38,"column":26}},"loc":{"start":{"line":38,"column":74},"end":{"line":50,"column":null}}},"2":{"name":"(anonymous_12)","decl":{"start":{"line":52,"column":15},"end":{"line":52,"column":28}},"loc":{"start":{"line":52,"column":76},"end":{"line":72,"column":null}}}},"branchMap":{"0":{"loc":{"start":{"line":14,"column":4},"end":{"line":20,"column":8}},"type":"if","locations":[{"start":{"line":14,"column":4},"end":{"line":20,"column":8}}]},"1":{"loc":{"start":{"line":41,"column":4},"end":{"line":42,"column":79}},"type":"if","locations":[{"start":{"line":41,"column":4},"end":{"line":42,"column":79}}]},"2":{"loc":{"start":{"line":55,"column":4},"end":{"line":56,"column":79}},"type":"if","locations":[{"start":{"line":55,"column":4},"end":{"line":56,"column":79}}]},"3":{"loc":{"start":{"line":60,"column":4},"end":{"line":64,"column":8}},"type":"if","locations":[{"start":{"line":60,"column":4},"end":{"line":64,"column":8}}]}},"s":{"0":5,"1":5,"2":5,"3":5,"4":5,"5":3,"6":1,"7":1,"8":0,"9":1,"10":1,"11":1,"12":1,"13":1,"14":0,"15":1,"16":1,"17":1,"18":1,"19":0,"20":1,"21":1,"22":0,"23":1,"24":1,"25":5},"f":{"0":3,"1":1,"2":1},"b":{"0":[0],"1":[0],"2":[0],"3":[0]}}
,"D:\\Projects\\my-brand-paterne-backend\\src\\controllers\\MessageController.ts": {"path":"D:\\Projects\\my-brand-paterne-backend\\src\\controllers\\MessageController.ts","statementMap":{"0":{"start":{"line":2,"column":0},"end":{"line":2,"column":70}},"1":{"start":{"line":3,"column":0},"end":{"line":3,"column":50}},"2":{"start":{"line":4,"column":0},"end":{"line":4,"column":48}},"3":{"start":{"line":5,"column":0},"end":{"line":5,"column":48}},"4":{"start":{"line":9,"column":24},"end":{"line":9,"column":77}},"5":{"start":{"line":11,"column":20},"end":{"line":11,"column":58}},"6":{"start":{"line":13,"column":4},"end":{"line":13,"column":19}},"7":{"start":{"line":15,"column":4},"end":{"line":25,"column":7}},"8":{"start":{"line":29,"column":21},"end":{"line":29,"column":48}},"9":{"start":{"line":30,"column":4},"end":{"line":33,"column":7}},"10":{"start":{"line":37,"column":22},"end":{"line":37,"column":35}},"11":{"start":{"line":39,"column":4},"end":{"line":40,"column":79}},"12":{"start":{"line":40,"column":6},"end":{"line":40,"column":79}},"13":{"start":{"line":42,"column":20},"end":{"line":42,"column":67}},"14":{"start":{"line":44,"column":4},"end":{"line":48,"column":8}},"15":{"start":{"line":45,"column":6},"end":{"line":48,"column":8}},"16":{"start":{"line":50,"column":4},"end":{"line":50,"column":78}},"17":{"start":{"line":54,"column":0},"end":{"line":54,"column":39}}},"fnMap":{"0":{"name":"(anonymous_8)","decl":{"start":{"line":8,"column":15},"end":{"line":8,"column":28}},"loc":{"start":{"line":8,"column":76},"end":{"line":26,"column":null}}},"1":{"name":"(anonymous_10)","decl":{"start":{"line":28,"column":15},"end":{"line":28,"column":26}},"loc":{"start":{"line":28,"column":74},"end":{"line":34,"column":null}}},"2":{"name":"(anonymous_12)","decl":{"start":{"line":36,"column":15},"end":{"line":36,"column":28}},"loc":{"start":{"line":36,"column":76},"end":{"line":51,"column":null}}}},"branchMap":{"0":{"loc":{"start":{"line":39,"column":4},"end":{"line":40,"column":79}},"type":"if","locations":[{"start":{"line":39,"column":4},"end":{"line":40,"column":79}}]},"1":{"loc":{"start":{"line":44,"column":4},"end":{"line":48,"column":8}},"type":"if","locations":[{"start":{"line":44,"column":4},"end":{"line":48,"column":8}}]}},"s":{"0":5,"1":5,"2":5,"3":5,"4":1,"5":1,"6":1,"7":1,"8":1,"9":1,"10":2,"11":2,"12":0,"13":2,"14":2,"15":1,"16":1,"17":5},"f":{"0":1,"1":1,"2":2},"b":{"0":[0],"1":[1]}}
,"D:\\Projects\\my-brand-paterne-backend\\src\\controllers\\TaskController.ts": {"path":"D:\\Projects\\my-brand-paterne-backend\\src\\controllers\\TaskController.ts","statementMap":{"0":{"start":{"line":2,"column":0},"end":{"line":2,"column":null}},"1":{"start":{"line":6,"column":0},"end":{"line":6,"column":44}},"2":{"start":{"line":7,"column":0},"end":{"line":7,"column":48}},"3":{"start":{"line":8,"column":0},"end":{"line":8,"column":48}},"4":{"start":{"line":13,"column":21},"end":{"line":13,"column":71}},"5":{"start":{"line":15,"column":17},"end":{"line":15,"column":56}},"6":{"start":{"line":17,"column":4},"end":{"line":17,"column":22}},"7":{"start":{"line":18,"column":4},"end":{"line":28,"column":7}},"8":{"start":{"line":32,"column":18},"end":{"line":32,"column":42}},"9":{"start":{"line":34,"column":4},"end":{"line":37,"column":7}},"10":{"start":{"line":41,"column":19},"end":{"line":41,"column":32}},"11":{"start":{"line":43,"column":4},"end":{"line":44,"column":76}},"12":{"start":{"line":44,"column":6},"end":{"line":44,"column":76}},"13":{"start":{"line":46,"column":17},"end":{"line":46,"column":58}},"14":{"start":{"line":48,"column":4},"end":{"line":52,"column":8}},"15":{"start":{"line":49,"column":6},"end":{"line":52,"column":8}},"16":{"start":{"line":54,"column":4},"end":{"line":54,"column":79}},"17":{"start":{"line":58,"column":4},"end":{"line":88,"column":5}},"18":{"start":{"line":59,"column":21},"end":{"line":59,"column":34}},"19":{"start":{"line":61,"column":6},"end":{"line":62,"column":76}},"20":{"start":{"line":62,"column":8},"end":{"line":62,"column":76}},"21":{"start":{"line":64,"column":23},"end":{"line":64,"column":73}},"22":{"start":{"line":66,"column":19},"end":{"line":66,"column":51}},"23":{"start":{"line":68,"column":6},"end":{"line":72,"column":10}},"24":{"start":{"line":69,"column":8},"end":{"line":72,"column":10}},"25":{"start":{"line":74,"column":6},"end":{"line":79,"column":8}},"26":{"start":{"line":80,"column":6},"end":{"line":80,"column":24}},"27":{"start":{"line":82,"column":6},"end":{"line":85,"column":9}},"28":{"start":{"line":87,"column":6},"end":{"line":87,"column":16}},"29":{"start":{"line":92,"column":0},"end":{"line":92,"column":36}}},"fnMap":{"0":{"name":"(anonymous_8)","decl":{"start":{"line":12,"column":15},"end":{"line":12,"column":25}},"loc":{"start":{"line":12,"column":73},"end":{"line":29,"column":null}}},"1":{"name":"(anonymous_10)","decl":{"start":{"line":31,"column":15},"end":{"line":31,"column":23}},"loc":{"start":{"line":31,"column":71},"end":{"line":38,"column":null}}},"2":{"name":"(anonymous_12)","decl":{"start":{"line":40,"column":15},"end":{"line":40,"column":25}},"loc":{"start":{"line":40,"column":73},"end":{"line":55,"column":null}}},"3":{"name":"(anonymous_14)","decl":{"start":{"line":57,"column":15},"end":{"line":57,"column":25}},"loc":{"start":{"line":57,"column":73},"end":{"line":89,"column":null}}}},"branchMap":{"0":{"loc":{"start":{"line":43,"column":4},"end":{"line":44,"column":76}},"type":"if","locations":[{"start":{"line":43,"column":4},"end":{"line":44,"column":76}}]},"1":{"loc":{"start":{"line":48,"column":4},"end":{"line":52,"column":8}},"type":"if","locations":[{"start":{"line":48,"column":4},"end":{"line":52,"column":8}}]},"2":{"loc":{"start":{"line":61,"column":6},"end":{"line":62,"column":76}},"type":"if","locations":[{"start":{"line":61,"column":6},"end":{"line":62,"column":76}}]},"3":{"loc":{"start":{"line":68,"column":6},"end":{"line":72,"column":10}},"type":"if","locations":[{"start":{"line":68,"column":6},"end":{"line":72,"column":10}}]}},"s":{"0":5,"1":5,"2":5,"3":5,"4":2,"5":1,"6":1,"7":1,"8":1,"9":1,"10":1,"11":1,"12":0,"13":1,"14":1,"15":0,"16":1,"17":1,"18":1,"19":1,"20":0,"21":1,"22":1,"23":1,"24":0,"25":1,"26":1,"27":1,"28":0,"29":5},"f":{"0":2,"1":1,"2":1,"3":1},"b":{"0":[0],"1":[0],"2":[0],"3":[0]}}
,"D:\\Projects\\my-brand-paterne-backend\\src\\controllers\\UserController.ts": {"path":"D:\\Projects\\my-brand-paterne-backend\\src\\controllers\\UserController.ts","statementMap":{"0":{"start":{"line":2,"column":0},"end":{"line":2,"column":null}},"1":{"start":{"line":6,"column":0},"end":{"line":6,"column":48}},"2":{"start":{"line":7,"column":0},"end":{"line":7,"column":44}},"3":{"start":{"line":8,"column":0},"end":{"line":8,"column":48}},"4":{"start":{"line":19,"column":18},"end":{"line":19,"column":63}},"5":{"start":{"line":21,"column":17},"end":{"line":21,"column":64}},"6":{"start":{"line":23,"column":4},"end":{"line":28,"column":5}},"7":{"start":{"line":24,"column":6},"end":{"line":27,"column":8}},"8":{"start":{"line":30,"column":30},"end":{"line":30,"column":74}},"9":{"start":{"line":32,"column":4},"end":{"line":33,"column":73}},"10":{"start":{"line":33,"column":6},"end":{"line":33,"column":73}},"11":{"start":{"line":35,"column":18},"end":{"line":35,"column":34}},"12":{"start":{"line":37,"column":4},"end":{"line":37,"column":76}},"13":{"start":{"line":41,"column":18},"end":{"line":41,"column":66}},"14":{"start":{"line":43,"column":25},"end":{"line":43,"column":72}},"15":{"start":{"line":45,"column":4},"end":{"line":49,"column":8}},"16":{"start":{"line":46,"column":6},"end":{"line":49,"column":8}},"17":{"start":{"line":51,"column":17},"end":{"line":51,"column":49}},"18":{"start":{"line":52,"column":18},"end":{"line":52,"column":34}},"19":{"start":{"line":54,"column":4},"end":{"line":57,"column":7}},"20":{"start":{"line":65,"column":19},"end":{"line":65,"column":34}},"21":{"start":{"line":67,"column":17},"end":{"line":67,"column":82}},"22":{"start":{"line":69,"column":4},"end":{"line":70,"column":78}},"23":{"start":{"line":70,"column":6},"end":{"line":70,"column":78}},"24":{"start":{"line":72,"column":4},"end":{"line":77,"column":7}},"25":{"start":{"line":81,"column":18},"end":{"line":81,"column":66}},"26":{"start":{"line":83,"column":17},"end":{"line":85,"column":6}},"27":{"start":{"line":87,"column":4},"end":{"line":92,"column":5}},"28":{"start":{"line":88,"column":6},"end":{"line":91,"column":8}},"29":{"start":{"line":94,"column":4},"end":{"line":94,"column":35}},"30":{"start":{"line":96,"column":4},"end":{"line":96,"column":71}},"31":{"start":{"line":100,"column":0},"end":{"line":100,"column":36}}},"fnMap":{"0":{"name":"(anonymous_8)","decl":{"start":{"line":18,"column":15},"end":{"line":18,"column":20}},"loc":{"start":{"line":18,"column":68},"end":{"line":38,"column":null}}},"1":{"name":"(anonymous_10)","decl":{"start":{"line":40,"column":15},"end":{"line":40,"column":23}},"loc":{"start":{"line":40,"column":71},"end":{"line":58,"column":null}}},"2":{"name":"(anonymous_12)","decl":{"start":{"line":60,"column":15},"end":{"line":60,"column":26}},"loc":{"start":{"line":63,"column":22},"end":{"line":78,"column":null}}},"3":{"name":"(anonymous_14)","decl":{"start":{"line":80,"column":15},"end":{"line":80,"column":21}},"loc":{"start":{"line":80,"column":69},"end":{"line":97,"column":null}}}},"branchMap":{"0":{"loc":{"start":{"line":23,"column":4},"end":{"line":28,"column":5}},"type":"if","locations":[{"start":{"line":23,"column":4},"end":{"line":28,"column":5}}]},"1":{"loc":{"start":{"line":32,"column":4},"end":{"line":33,"column":73}},"type":"if","locations":[{"start":{"line":32,"column":4},"end":{"line":33,"column":73}}]},"2":{"loc":{"start":{"line":45,"column":4},"end":{"line":49,"column":8}},"type":"if","locations":[{"start":{"line":45,"column":4},"end":{"line":49,"column":8}}]},"3":{"loc":{"start":{"line":69,"column":4},"end":{"line":70,"column":78}},"type":"if","locations":[{"start":{"line":69,"column":4},"end":{"line":70,"column":78}}]},"4":{"loc":{"start":{"line":87,"column":4},"end":{"line":92,"column":5}},"type":"if","locations":[{"start":{"line":87,"column":4},"end":{"line":92,"column":5}}]}},"s":{"0":5,"1":5,"2":5,"3":5,"4":7,"5":6,"6":6,"7":0,"8":6,"9":6,"10":1,"11":5,"12":5,"13":3,"14":2,"15":2,"16":1,"17":1,"18":1,"19":1,"20":1,"21":1,"22":1,"23":0,"24":1,"25":0,"26":0,"27":0,"28":0,"29":0,"30":0,"31":5},"f":{"0":7,"1":3,"2":1,"3":0},"b":{"0":[0],"1":[1],"2":[1],"3":[0],"4":[0]}}
,"D:\\Projects\\my-brand-paterne-backend\\src\\db\\connectDB.ts": {"path":"D:\\Projects\\my-brand-paterne-backend\\src\\db\\connectDB.ts","statementMap":{"0":{"start":{"line":1,"column":0},"end":{"line":1,"column":69}},"1":{"start":{"line":4,"column":35},"end":{"line":8,"column":4}},"2":{"start":{"line":9,"column":2},"end":{"line":9,"column":40}},"3":{"start":{"line":12,"column":0},"end":{"line":12,"column":25}}},"fnMap":{"0":{"name":"connectDB","decl":{"start":{"line":3,"column":15},"end":{"line":3,"column":24}},"loc":{"start":{"line":3,"column":36},"end":{"line":10,"column":null}}}},"branchMap":{},"s":{"0":5,"1":5,"2":5,"3":5},"f":{"0":5},"b":{}}
,"D:\\Projects\\my-brand-paterne-backend\\src\\errors\\CustomError.ts": {"path":"D:\\Projects\\my-brand-paterne-backend\\src\\errors\\CustomError.ts","statementMap":{"0":{"start":{"line":2,"column":0},"end":{"line":2,"column":48}},"1":{"start":{"line":12,"column":4},"end":{"line":12,"column":19}},"2":{"start":{"line":10,"column":2},"end":{"line":10,"column":47}},"3":{"start":{"line":13,"column":4},"end":{"line":13,"column":29}},"4":{"start":{"line":14,"column":4},"end":{"line":14,"column":55}},"5":{"start":{"line":18,"column":0},"end":{"line":18,"column":27}}},"fnMap":{"0":{"name":"(anonymous_0)","decl":{"start":{"line":11,"column":2},"end":{"line":11,"column":14}},"loc":{"start":{"line":11,"column":45},"end":{"line":15,"column":3}}}},"branchMap":{},"s":{"0":5,"1":13,"2":13,"3":13,"4":13,"5":5},"f":{"0":13},"b":{}}
,"D:\\Projects\\my-brand-paterne-backend\\src\\middlewares\\asyncHandler.ts": {"path":"D:\\Projects\\my-brand-paterne-backend\\src\\middlewares\\asyncHandler.ts","statementMap":{"0":{"start":{"line":4,"column":2},"end":{"line":10,"column":4}},"1":{"start":{"line":5,"column":4},"end":{"line":9,"column":5}},"2":{"start":{"line":6,"column":6},"end":{"line":6,"column":31}},"3":{"start":{"line":8,"column":6},"end":{"line":8,"column":16}},"4":{"start":{"line":13,"column":0},"end":{"line":13,"column":28}}},"fnMap":{"0":{"name":"asyncHandler","decl":{"start":{"line":3,"column":9},"end":{"line":3,"column":21}},"loc":{"start":{"line":3,"column":29},"end":{"line":11,"column":1}}},"1":{"name":"(anonymous_8)","decl":{"start":{"line":4,"column":9},"end":{"line":4,"column":25}},"loc":{"start":{"line":4,"column":72},"end":{"line":10,"column":4}}}},"branchMap":{},"s":{"0":155,"1":60,"2":60,"3":12,"4":5},"f":{"0":155,"1":60},"b":{}}
,"D:\\Projects\\my-brand-paterne-backend\\src\\middlewares\\auth.ts": {"path":"D:\\Projects\\my-brand-paterne-backend\\src\\middlewares\\auth.ts","statementMap":{"0":{"start":{"line":2,"column":0},"end":{"line":2,"column":31}},"1":{"start":{"line":3,"column":0},"end":{"line":3,"column":48}},"2":{"start":{"line":4,"column":0},"end":{"line":4,"column":48}},"3":{"start":{"line":20,"column":21},"end":{"line":20,"column":46}},"4":{"start":{"line":22,"column":2},"end":{"line":28,"column":3}},"5":{"start":{"line":23,"column":18},"end":{"line":25,"column":null}},"6":{"start":{"line":27,"column":4},"end":{"line":27,"column":23}},"7":{"start":{"line":30,"column":16},"end":{"line":30,"column":40}},"8":{"start":{"line":32,"column":25},"end":{"line":32,"column":52}},"9":{"start":{"line":36,"column":18},"end":{"line":36,"column":72}},"10":{"start":{"line":38,"column":2},"end":{"line":41,"column":4}},"11":{"start":{"line":43,"column":2},"end":{"line":43,"column":16}},"12":{"start":{"line":46,"column":0},"end":{"line":46,"column":20}}},"fnMap":{"0":{"name":"auth","decl":{"start":{"line":15,"column":15},"end":{"line":15,"column":19}},"loc":{"start":{"line":18,"column":20},"end":{"line":44,"column":null}}}},"branchMap":{"0":{"loc":{"start":{"line":22,"column":2},"end":{"line":28,"column":3}},"type":"if","locations":[{"start":{"line":22,"column":2},"end":{"line":28,"column":3}}]},"1":{"loc":{"start":{"line":22,"column":6},"end":{"line":22,"column":62}},"type":"binary-expr","locations":[{"start":{"line":22,"column":6},"end":{"line":22,"column":17}},{"start":{"line":22,"column":21},"end":{"line":22,"column":62}}]}},"s":{"0":5,"1":5,"2":5,"3":24,"4":24,"5":8,"6":8,"7":16,"8":16,"9":16,"10":16,"11":16,"12":5},"f":{"0":24},"b":{"0":[8],"1":[24,16]}}
,"D:\\Projects\\my-brand-paterne-backend\\src\\middlewares\\errorHandler.ts": {"path":"D:\\Projects\\my-brand-paterne-backend\\src\\middlewares\\errorHandler.ts","statementMap":{"0":{"start":{"line":2,"column":0},"end":{"line":2,"column":48}},"1":{"start":{"line":3,"column":0},"end":{"line":3,"column":48}},"2":{"start":{"line":4,"column":0},"end":{"line":4,"column":38}},"3":{"start":{"line":12,"column":2},"end":{"line":32,"column":3}},"4":{"start":{"line":13,"column":24},"end":{"line":16,"column":6}},"5":{"start":{"line":18,"column":4},"end":{"line":20,"column":63}},"6":{"start":{"line":21,"column":9},"end":{"line":32,"column":3}},"7":{"start":{"line":22,"column":4},"end":{"line":24,"column":55}},"8":{"start":{"line":26,"column":24},"end":{"line":28,"column":6}},"9":{"start":{"line":29,"column":4},"end":{"line":31,"column":63}},"10":{"start":{"line":35,"column":0},"end":{"line":35,"column":28}}},"fnMap":{"0":{"name":"errorHandler","decl":{"start":{"line":6,"column":15},"end":{"line":6,"column":27}},"loc":{"start":{"line":10,"column":20},"end":{"line":33,"column":null}}}},"branchMap":{"0":{"loc":{"start":{"line":12,"column":2},"end":{"line":32,"column":3}},"type":"if","locations":[{"start":{"line":12,"column":2},"end":{"line":32,"column":3}},{"start":{"line":21,"column":9},"end":{"line":32,"column":3}}]},"1":{"loc":{"start":{"line":14,"column":18},"end":{"line":14,"column":69}},"type":"binary-expr","locations":[{"start":{"line":14,"column":18},"end":{"line":14,"column":32}},{"start":{"line":14,"column":36},"end":{"line":14,"column":69}}]},"2":{"loc":{"start":{"line":15,"column":15},"end":{"line":15,"column":70}},"type":"binary-expr","locations":[{"start":{"line":15,"column":15},"end":{"line":15,"column":26}},{"start":{"line":15,"column":30},"end":{"line":15,"column":70}}]},"3":{"loc":{"start":{"line":21,"column":9},"end":{"line":32,"column":3}},"type":"if","locations":[{"start":{"line":21,"column":9},"end":{"line":32,"column":3}},{"start":{"line":25,"column":9},"end":{"line":32,"column":3}}]},"4":{"loc":{"start":{"line":27,"column":15},"end":{"line":27,"column":70}},"type":"binary-expr","locations":[{"start":{"line":27,"column":15},"end":{"line":27,"column":26}},{"start":{"line":27,"column":30},"end":{"line":27,"column":70}}]}},"s":{"0":5,"1":5,"2":5,"3":20,"4":13,"5":13,"6":7,"7":5,"8":2,"9":2,"10":5},"f":{"0":20},"b":{"0":[13,7],"1":[13,0],"2":[13,0],"3":[5,2],"4":[2,0]}}
,"D:\\Projects\\my-brand-paterne-backend\\src\\models\\ArticleModel.ts": {"path":"D:\\Projects\\my-brand-paterne-backend\\src\\models\\ArticleModel.ts","statementMap":{"0":{"start":{"line":1,"column":0},"end":{"line":1,"column":71}},"1":{"start":{"line":4,"column":22},"end":{"line":29,"column":null}},"2":{"start":{"line":34,"column":21},"end":{"line":36,"column":null}},"3":{"start":{"line":39,"column":0},"end":{"line":39,"column":28}}},"fnMap":{},"branchMap":{},"s":{"0":5,"1":5,"2":5,"3":5},"f":{},"b":{}}
,"D:\\Projects\\my-brand-paterne-backend\\src\\models\\CommentModel.ts": {"path":"D:\\Projects\\my-brand-paterne-backend\\src\\models\\CommentModel.ts","statementMap":{"0":{"start":{"line":1,"column":0},"end":{"line":1,"column":41}},"1":{"start":{"line":2,"column":0},"end":{"line":2,"column":61}},"2":{"start":{"line":4,"column":22},"end":{"line":25,"column":null}},"3":{"start":{"line":30,"column":21},"end":{"line":32,"column":null}},"4":{"start":{"line":35,"column":0},"end":{"line":35,"column":28}}},"fnMap":{},"branchMap":{},"s":{"0":5,"1":5,"2":5,"3":5,"4":5},"f":{},"b":{}}
,"D:\\Projects\\my-brand-paterne-backend\\src\\models\\MessageModel.ts": {"path":"D:\\Projects\\my-brand-paterne-backend\\src\\models\\MessageModel.ts","statementMap":{"0":{"start":{"line":2,"column":0},"end":{"line":2,"column":null}},"1":{"start":{"line":15,"column":22},"end":{"line":30,"column":null}},"2":{"start":{"line":35,"column":21},"end":{"line":37,"column":null}},"3":{"start":{"line":40,"column":0},"end":{"line":40,"column":28}}},"fnMap":{},"branchMap":{},"s":{"0":5,"1":5,"2":5,"3":5},"f":{},"b":{}}
,"D:\\Projects\\my-brand-paterne-backend\\src\\models\\TaskModel.ts": {"path":"D:\\Projects\\my-brand-paterne-backend\\src\\models\\TaskModel.ts","statementMap":{"0":{"start":{"line":1,"column":0},"end":{"line":1,"column":78}},"1":{"start":{"line":3,"column":19},"end":{"line":14,"column":null}},"2":{"start":{"line":19,"column":18},"end":{"line":19,"column":68}},"3":{"start":{"line":21,"column":0},"end":{"line":21,"column":25}}},"fnMap":{},"branchMap":{},"s":{"0":5,"1":5,"2":5,"3":5},"f":{},"b":{}}
,"D:\\Projects\\my-brand-paterne-backend\\src\\models\\UserModel.ts": {"path":"D:\\Projects\\my-brand-paterne-backend\\src\\models\\UserModel.ts","statementMap":{"0":{"start":{"line":1,"column":0},"end":{"line":1,"column":71}},"1":{"start":{"line":2,"column":0},"end":{"line":2,"column":28}},"2":{"start":{"line":3,"column":0},"end":{"line":3,"column":31}},"3":{"start":{"line":13,"column":19},"end":{"line":24,"column":null}},"4":{"start":{"line":27,"column":0},"end":{"line":33,"column":3}},"5":{"start":{"line":28,"column":15},"end":{"line":28,"column":39}},"6":{"start":{"line":29,"column":15},"end":{"line":29,"column":53}},"7":{"start":{"line":31,"column":18},"end":{"line":31,"column":59}},"8":{"start":{"line":32,"column":2},"end":{"line":32,"column":23}},"9":{"start":{"line":35,"column":0},"end":{"line":46,"column":2}},"10":{"start":{"line":36,"column":25},"end":{"line":36,"column":52}},"11":{"start":{"line":37,"column":2},"end":{"line":45,"column":4}},"12":{"start":{"line":48,"column":0},"end":{"line":54,"column":2}},"13":{"start":{"line":51,"column":18},"end":{"line":51,"column":72}},"14":{"start":{"line":52,"column":2},"end":{"line":52,"column":57}},"15":{"start":{"line":53,"column":2},"end":{"line":53,"column":17}},"16":{"start":{"line":58,"column":18},"end":{"line":60,"column":null}},"17":{"start":{"line":63,"column":0},"end":{"line":63,"column":25}}},"fnMap":{"0":{"name":"(anonymous_14)","decl":{"start":{"line":27,"column":23},"end":{"line":27,"column":null}},"loc":{"start":{"line":27,"column":23},"end":{"line":33,"column":2}}},"1":{"name":"(anonymous_16)","decl":{"start":{"line":35,"column":31},"end":{"line":35,"column":null}},"loc":{"start":{"line":35,"column":31},"end":{"line":46,"column":1}}},"2":{"name":"(anonymous_17)","decl":{"start":{"line":48,"column":39},"end":{"line":48,"column":null}},"loc":{"start":{"line":49,"column":27},"end":{"line":54,"column":2}}}},"branchMap":{},"s":{"0":5,"1":5,"2":5,"3":5,"4":5,"5":1,"6":1,"7":1,"8":1,"9":5,"10":6,"11":6,"12":5,"13":6,"14":6,"15":6,"16":5,"17":5},"f":{"0":1,"1":6,"2":6},"b":{}}
,"D:\\Projects\\my-brand-paterne-backend\\src\\routes\\ArticlesRoute.ts": {"path":"D:\\Projects\\my-brand-paterne-backend\\src\\routes\\ArticlesRoute.ts","statementMap":{"0":{"start":{"line":1,"column":0},"end":{"line":1,"column":33}},"1":{"start":{"line":2,"column":0},"end":{"line":2,"column":65}},"2":{"start":{"line":3,"column":0},"end":{"line":3,"column":45}},"3":{"start":{"line":4,"column":0},"end":{"line":4,"column":39}},"4":{"start":{"line":5,"column":0},"end":{"line":5,"column":55}},"5":{"start":{"line":7,"column":23},"end":{"line":7,"column":31}},"6":{"start":{"line":9,"column":0},"end":{"line":16,"column":4}},"7":{"start":{"line":18,"column":0},"end":{"line":26,"column":77}},"8":{"start":{"line":28,"column":0},"end":{"line":28,"column":22}}},"fnMap":{},"branchMap":{},"s":{"0":5,"1":5,"2":5,"3":5,"4":5,"5":5,"6":5,"7":5,"8":5},"f":{},"b":{}}
,"D:\\Projects\\my-brand-paterne-backend\\src\\routes\\CommentsRoutes.ts": {"path":"D:\\Projects\\my-brand-paterne-backend\\src\\routes\\CommentsRoutes.ts","statementMap":{"0":{"start":{"line":1,"column":0},"end":{"line":1,"column":33}},"1":{"start":{"line":2,"column":0},"end":{"line":2,"column":65}},"2":{"start":{"line":3,"column":0},"end":{"line":3,"column":55}},"3":{"start":{"line":4,"column":0},"end":{"line":4,"column":39}},"4":{"start":{"line":6,"column":23},"end":{"line":6,"column":31}},"5":{"start":{"line":8,"column":0},"end":{"line":8,"column":70}},"6":{"start":{"line":9,"column":0},"end":{"line":9,"column":77}},"7":{"start":{"line":10,"column":0},"end":{"line":12,"column":77}},"8":{"start":{"line":14,"column":0},"end":{"line":14,"column":22}}},"fnMap":{},"branchMap":{},"s":{"0":5,"1":5,"2":5,"3":5,"4":5,"5":5,"6":5,"7":5,"8":5},"f":{},"b":{}}
,"D:\\Projects\\my-brand-paterne-backend\\src\\routes\\MessagesRoutes.ts": {"path":"D:\\Projects\\my-brand-paterne-backend\\src\\routes\\MessagesRoutes.ts","statementMap":{"0":{"start":{"line":1,"column":0},"end":{"line":1,"column":33}},"1":{"start":{"line":2,"column":0},"end":{"line":2,"column":65}},"2":{"start":{"line":3,"column":0},"end":{"line":3,"column":39}},"3":{"start":{"line":4,"column":0},"end":{"line":4,"column":55}},"4":{"start":{"line":6,"column":23},"end":{"line":6,"column":31}},"5":{"start":{"line":8,"column":0},"end":{"line":11,"column":72}},"6":{"start":{"line":13,"column":0},"end":{"line":17,"column":2}},"7":{"start":{"line":19,"column":0},"end":{"line":19,"column":22}}},"fnMap":{},"branchMap":{},"s":{"0":5,"1":5,"2":5,"3":5,"4":5,"5":5,"6":5,"7":5},"f":{},"b":{}}
,"D:\\Projects\\my-brand-paterne-backend\\src\\routes\\TasksRoutes.ts": {"path":"D:\\Projects\\my-brand-paterne-backend\\src\\routes\\TasksRoutes.ts","statementMap":{"0":{"start":{"line":1,"column":0},"end":{"line":1,"column":33}},"1":{"start":{"line":2,"column":0},"end":{"line":2,"column":59}},"2":{"start":{"line":3,"column":0},"end":{"line":3,"column":39}},"3":{"start":{"line":4,"column":0},"end":{"line":4,"column":55}},"4":{"start":{"line":6,"column":23},"end":{"line":6,"column":31}},"5":{"start":{"line":8,"column":0},"end":{"line":11,"column":69}},"6":{"start":{"line":13,"column":0},"end":{"line":16,"column":70}},"7":{"start":{"line":18,"column":0},"end":{"line":18,"column":22}}},"fnMap":{},"branchMap":{},"s":{"0":5,"1":5,"2":5,"3":5,"4":5,"5":5,"6":5,"7":5},"f":{},"b":{}}
,"D:\\Projects\\my-brand-paterne-backend\\src\\routes\\UsersRoutes.ts": {"path":"D:\\Projects\\my-brand-paterne-backend\\src\\routes\\UsersRoutes.ts","statementMap":{"0":{"start":{"line":1,"column":0},"end":{"line":1,"column":33}},"1":{"start":{"line":2,"column":0},"end":{"line":2,"column":59}},"2":{"start":{"line":3,"column":0},"end":{"line":3,"column":39}},"3":{"start":{"line":4,"column":0},"end":{"line":4,"column":55}},"4":{"start":{"line":6,"column":23},"end":{"line":6,"column":31}},"5":{"start":{"line":8,"column":0},"end":{"line":8,"column":58}},"6":{"start":{"line":9,"column":0},"end":{"line":9,"column":64}},"7":{"start":{"line":10,"column":0},"end":{"line":14,"column":2}},"8":{"start":{"line":15,"column":0},"end":{"line":19,"column":2}},"9":{"start":{"line":21,"column":0},"end":{"line":21,"column":22}}},"fnMap":{},"branchMap":{},"s":{"0":5,"1":5,"2":5,"3":5,"4":5,"5":5,"6":5,"7":5,"8":5,"9":5},"f":{},"b":{}}
,"D:\\Projects\\my-brand-paterne-backend\\src\\utils\\fileStorageEngine.ts": {"path":"D:\\Projects\\my-brand-paterne-backend\\src\\utils\\fileStorageEngine.ts","statementMap":{"0":{"start":{"line":1,"column":0},"end":{"line":1,"column":28}},"1":{"start":{"line":2,"column":0},"end":{"line":2,"column":29}},"2":{"start":{"line":3,"column":0},"end":{"line":3,"column":29}},"3":{"start":{"line":8,"column":26},"end":{"line":15,"column":2}},"4":{"start":{"line":10,"column":4},"end":{"line":10,"column":32}},"5":{"start":{"line":13,"column":4},"end":{"line":13,"column":64}},"6":{"start":{"line":17,"column":0},"end":{"line":17,"column":33}}},"fnMap":{"0":{"name":"(anonymous_7)","decl":{"start":{"line":9,"column":15},"end":{"line":9,"column":16}},"loc":{"start":{"line":9,"column":39},"end":{"line":11,"column":3}}},"1":{"name":"(anonymous_8)","decl":{"start":{"line":12,"column":12},"end":{"line":12,"column":13}},"loc":{"start":{"line":12,"column":36},"end":{"line":14,"column":3}}}},"branchMap":{},"s":{"0":5,"1":5,"2":5,"3":5,"4":4,"5":4,"6":5},"f":{"0":4,"1":4},"b":{}}
,"D:\\Projects\\my-brand-paterne-backend\\src\\utils\\fileUpload.ts": {"path":"D:\\Projects\\my-brand-paterne-backend\\src\\utils\\fileUpload.ts","statementMap":{"0":{"start":{"line":1,"column":0},"end":{"line":1,"column":28}},"1":{"start":{"line":2,"column":0},"end":{"line":2,"column":52}},"2":{"start":{"line":4,"column":15},"end":{"line":6,"column":2}},"3":{"start":{"line":10,"column":19},"end":{"line":13,"column":2}},"4":{"start":{"line":15,"column":0},"end":{"line":15,"column":28}},"5":{"start":{"line":17,"column":0},"end":{"line":17,"column":26}}},"fnMap":{},"branchMap":{},"s":{"0":5,"1":5,"2":5,"3":5,"4":5,"5":5},"f":{},"b":{}}
,"D:\\Projects\\my-brand-paterne-backend\\src\\validation\\ArticleValidation.ts": {"path":"D:\\Projects\\my-brand-paterne-backend\\src\\validation\\ArticleValidation.ts","statementMap":{"0":{"start":{"line":1,"column":0},"end":{"line":1,"column":34}},"1":{"start":{"line":3,"column":36},"end":{"line":9,"column":2}},"2":{"start":{"line":19,"column":9},"end":{"line":19,"column":28}},"3":{"start":{"line":11,"column":36},"end":{"line":17,"column":2}},"4":{"start":{"line":19,"column":30},"end":{"line":19,"column":49}}},"fnMap":{},"branchMap":{},"s":{"0":5,"1":5,"2":5,"3":5,"4":5},"f":{},"b":{}}
,"D:\\Projects\\my-brand-paterne-backend\\src\\validation\\CommentValidation.ts": {"path":"D:\\Projects\\my-brand-paterne-backend\\src\\validation\\CommentValidation.ts","statementMap":{"0":{"start":{"line":1,"column":0},"end":{"line":1,"column":34}},"1":{"start":{"line":3,"column":36},"end":{"line":8,"column":2}},"2":{"start":{"line":10,"column":0},"end":{"line":10,"column":35}}},"fnMap":{},"branchMap":{},"s":{"0":5,"1":5,"2":5},"f":{},"b":{}}
,"D:\\Projects\\my-brand-paterne-backend\\src\\validation\\MessageValidation.ts": {"path":"D:\\Projects\\my-brand-paterne-backend\\src\\validation\\MessageValidation.ts","statementMap":{"0":{"start":{"line":1,"column":0},"end":{"line":1,"column":34}},"1":{"start":{"line":3,"column":40},"end":{"line":7,"column":2}},"2":{"start":{"line":9,"column":0},"end":{"line":9,"column":39}}},"fnMap":{},"branchMap":{},"s":{"0":5,"1":5,"2":5},"f":{},"b":{}}
,"D:\\Projects\\my-brand-paterne-backend\\src\\validation\\TaskValidation.ts": {"path":"D:\\Projects\\my-brand-paterne-backend\\src\\validation\\TaskValidation.ts","statementMap":{"0":{"start":{"line":1,"column":0},"end":{"line":1,"column":34}},"1":{"start":{"line":3,"column":37},"end":{"line":6,"column":2}},"2":{"start":{"line":12,"column":9},"end":{"line":12,"column":29}},"3":{"start":{"line":8,"column":37},"end":{"line":11,"column":2}},"4":{"start":{"line":12,"column":31},"end":{"line":12,"column":51}}},"fnMap":{},"branchMap":{},"s":{"0":5,"1":5,"2":5,"3":5,"4":5},"f":{},"b":{}}
,"D:\\Projects\\my-brand-paterne-backend\\src\\validation\\UserValidations.ts": {"path":"D:\\Projects\\my-brand-paterne-backend\\src\\validation\\UserValidations.ts","statementMap":{"0":{"start":{"line":1,"column":0},"end":{"line":1,"column":34}},"1":{"start":{"line":3,"column":35},"end":{"line":7,"column":2}},"2":{"start":{"line":14,"column":9},"end":{"line":14,"column":27}},"3":{"start":{"line":9,"column":32},"end":{"line":12,"column":2}},"4":{"start":{"line":14,"column":29},"end":{"line":14,"column":44}}},"fnMap":{},"branchMap":{},"s":{"0":5,"1":5,"2":5,"3":5,"4":5},"f":{},"b":{}}
}
