TN:
SF:src\app.ts
FN:25,(anonymous_8)
FN:34,(anonymous_9)
FN:42,initDB
FNF:3
FNH:1
FNDA:0,(anonymous_8)
FNDA:0,(anonymous_9)
FNDA:5,initDB
DA:1,5
DA:2,5
DA:4,5
DA:7,5
DA:8,5
DA:9,5
DA:10,5
DA:11,5
DA:12,5
DA:13,5
DA:14,5
DA:15,5
DA:16,5
DA:18,5
DA:19,5
DA:21,5
DA:23,5
DA:25,5
DA:26,0
DA:29,5
DA:30,5
DA:31,5
DA:32,5
DA:33,5
DA:34,5
DA:35,0
DA:40,5
DA:43,5
DA:44,5
DA:45,5
DA:46,5
DA:47,5
DA:49,0
DA:53,5
DA:55,5
LF:35
LH:32
BRF:0
BRH:0
end_of_record
TN:
SF:src\controllers\ArticleController.ts
FN:13,(anonymous_8)
FN:46,(anonymous_10)
FN:56,(anonymous_12)
FN:81,(anonymous_14)
FN:107,(anonymous_16)
FNF:5
FNH:5
FNDA:3,(anonymous_8)
FNDA:1,(anonymous_10)
FNDA:4,(anonymous_12)
FNDA:1,(anonymous_14)
FNDA:1,(anonymous_16)
DA:2,5
DA:6,5
DA:7,5
DA:8,5
DA:9,5
DA:10,5
DA:14,3
DA:15,3
DA:20,1
DA:23,3
DA:25,3
DA:30,2
DA:32,2
DA:47,1
DA:50,1
DA:57,4
DA:59,4
DA:60,0
DA:65,4
DA:69,3
DA:70,2
DA:75,1
DA:82,1
DA:84,1
DA:85,0
DA:90,1
DA:91,1
DA:93,1
DA:95,1
DA:96,0
DA:101,1
DA:108,1
DA:110,1
DA:111,0
DA:116,1
DA:118,1
DA:120,1
DA:121,0
DA:126,1
DA:127,1
DA:129,1
DA:134,0
DA:137,1
DA:139,1
DA:154,5
LF:45
LH:39
BRDA:20,0,0,0
BRDA:20,0,1,1
BRDA:20,1,0,1
BRDA:20,1,1,1
BRDA:23,2,0,0
BRDA:23,2,1,3
BRDA:23,3,0,3
BRDA:23,3,1,3
BRDA:27,4,0,0
BRDA:27,4,1,3
BRDA:27,5,0,3
BRDA:27,5,1,3
BRDA:59,6,0,0
BRDA:69,7,0,2
BRDA:84,8,0,0
BRDA:93,9,0,0
BRDA:93,9,1,1
BRDA:93,10,0,1
BRDA:93,10,1,1
BRDA:95,11,0,0
BRDA:110,12,0,0
BRDA:120,13,0,0
BRDA:126,14,0,1
BRDA:126,14,1,0
BRDA:127,15,0,0
BRDA:127,15,1,1
BRDA:127,16,0,1
BRDA:127,16,1,1
BRDA:129,17,0,0
BRDA:129,17,1,1
BRDA:129,18,0,1
BRDA:129,18,1,1
BRDA:134,19,0,0
BRDA:134,19,1,0
BRDA:134,20,0,0
BRDA:134,20,1,0
BRDA:137,21,0,0
BRDA:137,21,1,1
BRDA:137,22,0,1
BRDA:137,22,1,1
BRF:40
BRH:23
end_of_record
TN:
SF:src\controllers\CommentController.ts
FN:9,(anonymous_8)
FN:38,(anonymous_10)
FN:52,(anonymous_12)
FN:52,(anonymous_13)
FNF:4
FNH:2
FNDA:3,(anonymous_8)
FNDA:1,(anonymous_10)
FNDA:0,(anonymous_12)
FNDA:0,(anonymous_13)
DA:2,5
DA:3,5
DA:4,5
DA:5,5
DA:6,5
DA:10,3
DA:12,1
DA:14,1
DA:15,0
DA:22,1
DA:23,1
DA:25,1
DA:39,1
DA:41,1
DA:42,0
DA:44,1
DA:46,1
DA:52,0
DA:55,5
LF:19
LH:16
BRDA:14,0,0,0
BRDA:41,1,0,0
BRF:2
BRH:0
end_of_record
TN:
SF:src\controllers\MessageController.ts
FN:8,(anonymous_8)
FN:28,(anonymous_10)
FN:36,(anonymous_12)
FNF:3
FNH:3
FNDA:1,(anonymous_8)
FNDA:1,(anonymous_10)
FNDA:2,(anonymous_12)
DA:2,5
DA:3,5
DA:4,5
DA:5,5
DA:9,1
DA:11,1
DA:13,1
DA:15,1
DA:29,1
DA:30,1
DA:37,2
DA:39,2
DA:40,0
DA:42,2
DA:44,2
DA:45,1
DA:50,1
DA:54,5
LF:18
LH:17
BRDA:39,0,0,0
BRDA:44,1,0,1
BRF:2
BRH:1
end_of_record
TN:
SF:src\controllers\TaskController.ts
FN:12,(anonymous_8)
FN:31,(anonymous_10)
FN:40,(anonymous_12)
FN:57,(anonymous_14)
FNF:4
FNH:4
FNDA:2,(anonymous_8)
FNDA:1,(anonymous_10)
FNDA:1,(anonymous_12)
FNDA:1,(anonymous_14)
DA:2,5
DA:6,5
DA:7,5
DA:8,5
DA:13,2
DA:15,1
DA:17,1
DA:18,1
DA:32,1
DA:34,1
DA:41,1
DA:43,1
DA:44,0
DA:46,1
DA:48,1
DA:49,0
DA:54,1
DA:58,1
DA:59,1
DA:61,1
DA:62,0
DA:64,1
DA:66,1
DA:68,1
DA:69,0
DA:74,1
DA:80,1
DA:82,1
DA:87,0
DA:92,5
LF:30
LH:25
BRDA:43,0,0,0
BRDA:48,1,0,0
BRDA:61,2,0,0
BRDA:68,3,0,0
BRF:4
BRH:0
end_of_record
TN:
SF:src\controllers\UserController.ts
FN:18,(anonymous_8)
FN:40,(anonymous_10)
FN:60,(anonymous_12)
FN:80,(anonymous_14)
FNF:4
FNH:3
FNDA:7,(anonymous_8)
FNDA:3,(anonymous_10)
FNDA:1,(anonymous_12)
FNDA:0,(anonymous_14)
DA:2,5
DA:6,5
DA:7,5
DA:8,5
DA:19,7
DA:21,6
DA:23,6
DA:24,0
DA:30,6
DA:32,6
DA:33,1
DA:35,5
DA:37,5
DA:41,3
DA:43,2
DA:45,2
DA:46,1
DA:51,1
DA:52,1
DA:54,1
DA:65,1
DA:67,1
DA:69,1
DA:70,0
DA:72,1
DA:81,0
DA:83,0
DA:87,0
DA:88,0
DA:94,0
DA:96,0
DA:100,5
LF:32
LH:24
BRDA:23,0,0,0
BRDA:32,1,0,1
BRDA:45,2,0,1
BRDA:69,3,0,0
BRDA:87,4,0,0
BRF:5
BRH:2
end_of_record
TN:
SF:src\db\connectDB.ts
FN:3,connectDB
FNF:1
FNH:1
FNDA:5,connectDB
DA:1,5
DA:4,5
DA:9,5
DA:12,5
LF:4
LH:4
BRF:0
BRH:0
end_of_record
TN:
SF:src\errors\CustomError.ts
FN:11,(anonymous_0)
FNF:1
FNH:1
FNDA:13,(anonymous_0)
DA:2,5
DA:10,13
DA:12,13
DA:13,13
DA:14,13
DA:18,5
LF:6
LH:6
BRF:0
BRH:0
end_of_record
TN:
SF:src\middlewares\asyncHandler.ts
FN:3,asyncHandler
FN:4,(anonymous_8)
FNF:2
FNH:2
FNDA:155,asyncHandler
FNDA:56,(anonymous_8)
DA:4,155
DA:5,56
DA:6,56
DA:8,12
DA:13,5
LF:5
LH:5
BRF:0
BRH:0
end_of_record
TN:
SF:src\middlewares\auth.ts
FN:15,auth
FNF:1
FNH:1
FNDA:22,auth
DA:2,5
DA:3,5
DA:4,5
DA:20,22
DA:22,22
DA:23,8
DA:27,8
DA:30,14
DA:32,14
DA:36,14
DA:38,14
DA:43,14
DA:46,5
LF:13
LH:13
BRDA:22,0,0,8
BRDA:22,1,0,22
BRDA:22,1,1,14
BRF:3
BRH:3
end_of_record
TN:
SF:src\middlewares\errorHandler.ts
FN:6,errorHandler
FNF:1
FNH:1
FNDA:20,errorHandler
DA:2,5
DA:3,5
DA:4,5
DA:12,20
DA:13,13
DA:18,13
DA:21,7
DA:22,5
DA:26,2
DA:29,2
DA:35,5
LF:11
LH:11
BRDA:12,0,0,13
BRDA:12,0,1,7
BRDA:14,1,0,13
BRDA:14,1,1,0
BRDA:15,2,0,13
BRDA:15,2,1,0
BRDA:21,3,0,5
BRDA:21,3,1,2
BRDA:27,4,0,2
BRDA:27,4,1,0
BRF:10
BRH:7
end_of_record
TN:
SF:src\models\ArticleModel.ts
FNF:0
FNH:0
DA:1,5
DA:4,5
DA:34,5
DA:39,5
LF:4
LH:4
BRF:0
BRH:0
end_of_record
TN:
SF:src\models\CommentModel.ts
FNF:0
FNH:0
DA:1,5
DA:2,5
DA:4,5
DA:30,5
DA:35,5
LF:5
LH:5
BRF:0
BRH:0
end_of_record
TN:
SF:src\models\MessageModel.ts
FNF:0
FNH:0
DA:2,5
DA:15,5
DA:35,5
DA:40,5
LF:4
LH:4
BRF:0
BRH:0
end_of_record
TN:
SF:src\models\TaskModel.ts
FNF:0
FNH:0
DA:1,5
DA:3,5
DA:19,5
DA:21,5
LF:4
LH:4
BRF:0
BRH:0
end_of_record
TN:
SF:src\models\UserModel.ts
FN:27,(anonymous_14)
FN:35,(anonymous_16)
FN:48,(anonymous_17)
FNF:3
FNH:3
FNDA:1,(anonymous_14)
FNDA:6,(anonymous_16)
FNDA:6,(anonymous_17)
DA:1,5
DA:2,5
DA:3,5
DA:13,5
DA:27,5
DA:28,1
DA:29,1
DA:31,1
DA:32,1
DA:35,5
DA:36,6
DA:37,6
DA:48,5
DA:51,6
DA:52,6
DA:53,6
DA:58,5
DA:63,5
LF:18
LH:18
BRF:0
BRH:0
end_of_record
TN:
SF:src\routes\ArticlesRoute.ts
FNF:0
FNH:0
DA:1,5
DA:2,5
DA:3,5
DA:4,5
DA:5,5
DA:7,5
DA:9,5
DA:18,5
DA:28,5
LF:9
LH:9
BRF:0
BRH:0
end_of_record
TN:
SF:src\routes\CommentsRoutes.ts
FNF:0
FNH:0
DA:1,5
DA:2,5
DA:3,5
DA:4,5
DA:6,5
DA:8,5
DA:9,5
DA:10,5
DA:14,5
LF:9
LH:9
BRF:0
BRH:0
end_of_record
TN:
SF:src\routes\MessagesRoutes.ts
FNF:0
FNH:0
DA:1,5
DA:2,5
DA:3,5
DA:4,5
DA:6,5
DA:8,5
DA:13,5
DA:19,5
LF:8
LH:8
BRF:0
BRH:0
end_of_record
TN:
SF:src\routes\TasksRoutes.ts
FNF:0
FNH:0
DA:1,5
DA:2,5
DA:3,5
DA:4,5
DA:6,5
DA:8,5
DA:13,5
DA:18,5
LF:8
LH:8
BRF:0
BRH:0
end_of_record
TN:
SF:src\routes\UsersRoutes.ts
FNF:0
FNH:0
DA:1,5
DA:2,5
DA:3,5
DA:4,5
DA:6,5
DA:8,5
DA:9,5
DA:10,5
DA:15,5
DA:21,5
LF:10
LH:10
BRF:0
BRH:0
end_of_record
TN:
SF:src\utils\fileStorageEngine.ts
FN:9,(anonymous_7)
FN:12,(anonymous_8)
FNF:2
FNH:2
FNDA:4,(anonymous_7)
FNDA:4,(anonymous_8)
DA:1,5
DA:2,5
DA:3,5
DA:8,5
DA:10,4
DA:13,4
DA:17,5
LF:7
LH:7
BRF:0
BRH:0
end_of_record
TN:
SF:src\utils\fileUpload.ts
FNF:0
FNH:0
DA:1,5
DA:2,5
DA:4,5
DA:10,5
DA:15,5
DA:17,5
LF:6
LH:6
BRF:0
BRH:0
end_of_record
TN:
SF:src\validation\ArticleValidation.ts
FNF:0
FNH:0
DA:1,5
DA:3,5
DA:11,5
DA:19,5
LF:4
LH:4
BRF:0
BRH:0
end_of_record
TN:
SF:src\validation\CommentValidation.ts
FNF:0
FNH:0
DA:1,5
DA:3,5
DA:10,5
LF:3
LH:3
BRF:0
BRH:0
end_of_record
TN:
SF:src\validation\MessageValidation.ts
FNF:0
FNH:0
DA:1,5
DA:3,5
DA:9,5
LF:3
LH:3
BRF:0
BRH:0
end_of_record
TN:
SF:src\validation\TaskValidation.ts
FNF:0
FNH:0
DA:1,5
DA:3,5
DA:8,5
DA:12,5
LF:4
LH:4
BRF:0
BRH:0
end_of_record
TN:
SF:src\validation\UserValidations.ts
FNF:0
FNH:0
DA:1,5
DA:3,5
DA:9,5
DA:14,5
LF:4
LH:4
BRF:0
BRH:0
end_of_record
